app/build/intermediates/manifest_merge_blame_file/debug/processDebugMainManifest/manifest-merger-blame-debug-report.txt
1<?xml version="1.0" encoding="utf-8"?>
2<manifest xmlns:android="http://schemas.android.com/apk/res/android"
3    package="com.artverse.app"
4    android:versionCode="1"
5    android:versionName="1.0" >
6
7    <uses-sdk
8        android:minSdkVersion="24"
9        android:targetSdkVersion="34" />
10
11    <uses-permission android:name="android.permission.INTERNET" />
11-->src\main\AndroidManifest.xml:4:5-67
11-->src\main\AndroidManifest.xml:4:22-64
12    <uses-permission android:name="android.permission.ACCESS_NETWORK_STATE" />
12-->src\main\AndroidManifest.xml:5:5-79
12-->src\main\AndroidManifest.xml:5:22-76
13    <uses-permission android:name="android.permission.READ_MEDIA_IMAGES" />
13-->src\main\AndroidManifest.xml:6:5-76
13-->src\main\AndroidManifest.xml:6:22-73
14    <uses-permission
14-->src\main\AndroidManifest.xml:7:5-107
15        android:name="android.permission.READ_EXTERNAL_STORAGE"
15-->src\main\AndroidManifest.xml:7:22-77
16        android:maxSdkVersion="32" />
16-->src\main\AndroidManifest.xml:7:78-104
17    <uses-permission android:name="android.permission.POST_NOTIFICATIONS" />
17-->src\main\AndroidManifest.xml:8:5-77
17-->src\main\AndroidManifest.xml:8:22-74
18    <!--
19         Receipt PDF and digital-artwork downloads on Android 9 and below
20         (10+ uses MediaStore, which needs no permission).
21    -->
22    <uses-permission
22-->src\main\AndroidManifest.xml:11:5-108
23        android:name="android.permission.WRITE_EXTERNAL_STORAGE"
23-->src\main\AndroidManifest.xml:11:22-78
24        android:maxSdkVersion="28" />
24-->src\main\AndroidManifest.xml:11:79-105
25    <uses-permission android:name="android.permission.WAKE_LOCK" /> <!-- Required by older versions of Google Play services to create IID tokens -->
25-->[com.google.firebase:firebase-messaging:24.0.0] AndroidManifest.xml:24:5-68
25-->[com.google.firebase:firebase-messaging:24.0.0] AndroidManifest.xml:24:22-65
26    <uses-permission android:name="com.google.android.c2dm.permission.RECEIVE" />
26-->[com.google.firebase:firebase-messaging:24.0.0] AndroidManifest.xml:26:5-82
26-->[com.google.firebase:firebase-messaging:24.0.0] AndroidManifest.xml:26:22-79
27    <uses-permission android:name="com.google.android.finsky.permission.BIND_GET_INSTALL_REFERRER_SERVICE" />
27-->[com.google.android.gms:play-services-measurement:22.0.2] AndroidManifest.xml:26:5-110
27-->[com.google.android.gms:play-services-measurement:22.0.2] AndroidManifest.xml:26:22-107
28    <uses-permission android:name="com.google.android.gms.permission.AD_ID" />
28-->[com.google.android.gms:play-services-measurement-api:22.0.2] AndroidManifest.xml:25:5-79
28-->[com.google.android.gms:play-services-measurement-api:22.0.2] AndroidManifest.xml:25:22-76
29    <uses-permission android:name="android.permission.ACCESS_ADSERVICES_ATTRIBUTION" />
29-->[com.google.android.gms:play-services-measurement-api:22.0.2] AndroidManifest.xml:26:5-88
29-->[com.google.android.gms:play-services-measurement-api:22.0.2] AndroidManifest.xml:26:22-85
30    <uses-permission android:name="android.permission.ACCESS_ADSERVICES_AD_ID" />
30-->[com.google.android.gms:play-services-measurement-api:22.0.2] AndroidManifest.xml:27:5-82
30-->[com.google.android.gms:play-services-measurement-api:22.0.2] AndroidManifest.xml:27:22-79
31    <uses-permission android:name="com.google.android.providers.gsf.permission.READ_GSERVICES" />
31-->[com.google.android.recaptcha:recaptcha:18.4.0] AndroidManifest.xml:9:5-98
31-->[com.google.android.recaptcha:recaptcha:18.4.0] AndroidManifest.xml:9:22-95
32
33    <permission
33-->[androidx.core:core:1.13.1] AndroidManifest.xml:22:5-24:47
34        android:name="com.artverse.app.DYNAMIC_RECEIVER_NOT_EXPORTED_PERMISSION"
34-->[androidx.core:core:1.13.1] AndroidManifest.xml:23:9-81
35        android:protectionLevel="signature" />
35-->[androidx.core:core:1.13.1] AndroidManifest.xml:24:9-44
36
37    <uses-permission android:name="com.artverse.app.DYNAMIC_RECEIVER_NOT_EXPORTED_PERMISSION" />
37-->[androidx.core:core:1.13.1] AndroidManifest.xml:26:5-97
37-->[androidx.core:core:1.13.1] AndroidManifest.xml:26:22-94
38
39    <application
39-->src\main\AndroidManifest.xml:13:5-79:19
40        android:name="com.artverse.app.ArtVerseApp"
40-->src\main\AndroidManifest.xml:14:9-36
41        android:allowBackup="true"
41-->src\main\AndroidManifest.xml:15:9-35
42        android:appComponentFactory="androidx.core.app.CoreComponentFactory"
42-->[androidx.core:core:1.13.1] AndroidManifest.xml:28:18-86
43        android:debuggable="true"
44        android:extractNativeLibs="false"
45        android:icon="@mipmap/ic_launcher"
45-->src\main\AndroidManifest.xml:16:9-43
46        android:label="@string/app_name"
46-->src\main\AndroidManifest.xml:17:9-41
47        android:networkSecurityConfig="@xml/network_security_config"
47-->src\main\AndroidManifest.xml:19:9-69
48        android:supportsRtl="true"
48-->src\main\AndroidManifest.xml:20:9-35
49        android:testOnly="true"
50        android:theme="@style/Theme.ArtVerse" >
50-->src\main\AndroidManifest.xml:18:9-46
51        <activity
51-->src\main\AndroidManifest.xml:22:9-30:20
52            android:name="com.artverse.app.auth.SplashActivity"
52-->src\main\AndroidManifest.xml:23:13-48
53            android:exported="true"
53-->src\main\AndroidManifest.xml:24:13-36
54            android:theme="@style/Theme.ArtVerse.Splash" >
54-->src\main\AndroidManifest.xml:25:13-57
55            <intent-filter>
55-->src\main\AndroidManifest.xml:26:13-29:29
56                <action android:name="android.intent.action.MAIN" />
56-->src\main\AndroidManifest.xml:27:17-69
56-->src\main\AndroidManifest.xml:27:25-66
57
58                <category android:name="android.intent.category.LAUNCHER" />
58-->src\main\AndroidManifest.xml:28:17-77
58-->src\main\AndroidManifest.xml:28:27-74
59            </intent-filter>
60        </activity>
61        <activity
61-->src\main\AndroidManifest.xml:32:9-81
62            android:name="com.artverse.app.auth.LoginActivity"
62-->src\main\AndroidManifest.xml:32:19-53
63            android:exported="false" />
63-->src\main\AndroidManifest.xml:32:54-78
64        <activity
64-->src\main\AndroidManifest.xml:33:9-89
65            android:name="com.artverse.app.auth.RoleSelectionActivity"
65-->src\main\AndroidManifest.xml:33:19-61
66            android:exported="false" />
66-->src\main\AndroidManifest.xml:33:62-86
67        <activity
67-->src\main\AndroidManifest.xml:34:9-92
68            android:name="com.artverse.app.auth.CustomerRegisterActivity"
68-->src\main\AndroidManifest.xml:34:19-64
69            android:exported="false" />
69-->src\main\AndroidManifest.xml:34:65-89
70        <activity
70-->src\main\AndroidManifest.xml:35:9-90
71            android:name="com.artverse.app.auth.ArtistRegisterActivity"
71-->src\main\AndroidManifest.xml:35:19-62
72            android:exported="false" />
72-->src\main\AndroidManifest.xml:35:63-87
73        <activity
73-->src\main\AndroidManifest.xml:37:9-39:40
74            android:name="com.artverse.app.customer.CustomerMainActivity"
74-->src\main\AndroidManifest.xml:38:13-58
75            android:exported="false" />
75-->src\main\AndroidManifest.xml:39:13-37
76        <activity
76-->src\main\AndroidManifest.xml:40:9-93
77            android:name="com.artverse.app.customer.ArtworkDetailActivity"
77-->src\main\AndroidManifest.xml:40:19-65
78            android:exported="false" />
78-->src\main\AndroidManifest.xml:40:66-90
79        <activity
79-->src\main\AndroidManifest.xml:41:9-88
80            android:name="com.artverse.app.customer.CheckoutActivity"
80-->src\main\AndroidManifest.xml:41:19-60
81            android:exported="false" />
81-->src\main\AndroidManifest.xml:41:61-85
82        <activity
82-->src\main\AndroidManifest.xml:42:9-92
83            android:name="com.artverse.app.customer.MyCollectionActivity"
83-->src\main\AndroidManifest.xml:42:19-64
84            android:exported="false" />
84-->src\main\AndroidManifest.xml:42:65-89
85        <!-- Full-screen look at an owned piece. -->
86        <activity
86-->src\main\AndroidManifest.xml:44:9-47:60
87            android:name="com.artverse.app.customer.ArtworkViewerActivity"
87-->src\main\AndroidManifest.xml:45:13-59
88            android:exported="false"
88-->src\main\AndroidManifest.xml:46:13-37
89            android:theme="@style/Theme.ArtVerse.Viewer" />
89-->src\main\AndroidManifest.xml:47:13-57
90        <activity
90-->src\main\AndroidManifest.xml:49:9-51:40
91            android:name="com.artverse.app.artist.ArtistMainActivity"
91-->src\main\AndroidManifest.xml:50:13-54
92            android:exported="false" />
92-->src\main\AndroidManifest.xml:51:13-37
93        <activity
93-->src\main\AndroidManifest.xml:52:9-91
94            android:name="com.artverse.app.artist.ArtistPendingActivity"
94-->src\main\AndroidManifest.xml:52:19-63
95            android:exported="false" />
95-->src\main\AndroidManifest.xml:52:64-88
96        <activity
96-->src\main\AndroidManifest.xml:53:9-92
97            android:name="com.artverse.app.artist.AddEditArtworkActivity"
97-->src\main\AndroidManifest.xml:53:19-64
98            android:exported="false" />
98-->src\main\AndroidManifest.xml:53:65-89
99        <activity
99-->src\main\AndroidManifest.xml:54:9-95
100            android:name="com.artverse.app.artist.ArtistProfileEditActivity"
100-->src\main\AndroidManifest.xml:54:19-67
101            android:exported="false" />
101-->src\main\AndroidManifest.xml:54:68-92
102        <activity
102-->src\main\AndroidManifest.xml:55:9-91
103            android:name="com.artverse.app.artist.ArtistReportsActivity"
103-->src\main\AndroidManifest.xml:55:19-63
104            android:exported="false" />
104-->src\main\AndroidManifest.xml:55:64-88
105        <activity
105-->src\main\AndroidManifest.xml:57:9-85
106            android:name="com.artverse.app.common.ReceiptActivity"
106-->src\main\AndroidManifest.xml:57:19-57
107            android:exported="false" />
107-->src\main\AndroidManifest.xml:57:58-82
108
109        <!--
110             Receives order pushes. Delivers them while the app is closed:
111             Android renders the tray notification itself and the tap re-enters
112             through SplashActivity, which owns the session check.
113        -->
114        <!-- <service -->
115        <!-- android:name=".services.ArtVerseMessagingService" -->
116        <!-- android:exported="false"> -->
117        <!-- <intent-filter> -->
118        <!-- <action android:name="com.google.firebase.MESSAGING_EVENT" /> -->
119        <!-- </intent-filter> -->
120        <!-- </service> -->
121
122
123        <!-- &lt;!&ndash; Channel/icon used for notifications Android renders on our behalf -->
124        <!-- (app closed or backgrounded); must match NotificationRouter. &ndash;&gt; -->
125        <!-- <meta-data -->
126        <!-- android:name="com.google.firebase.messaging.default_notification_channel_id" -->
127        <!-- android:value="artverse_orders" /> -->
128        <!-- <meta-data -->
129        <!-- android:name="com.google.firebase.messaging.default_notification_icon" -->
130        <!-- android:resource="@drawable/ic_orders" /> -->
131
132        <activity
132-->[com.google.firebase:firebase-auth:23.0.0] AndroidManifest.xml:29:9-46:20
133            android:name="com.google.firebase.auth.internal.GenericIdpActivity"
133-->[com.google.firebase:firebase-auth:23.0.0] AndroidManifest.xml:30:13-80
134            android:excludeFromRecents="true"
134-->[com.google.firebase:firebase-auth:23.0.0] AndroidManifest.xml:31:13-46
135            android:exported="true"
135-->[com.google.firebase:firebase-auth:23.0.0] AndroidManifest.xml:32:13-36
136            android:launchMode="singleTask"
136-->[com.google.firebase:firebase-auth:23.0.0] AndroidManifest.xml:33:13-44
137            android:theme="@android:style/Theme.Translucent.NoTitleBar" >
137-->[com.google.firebase:firebase-auth:23.0.0] AndroidManifest.xml:34:13-72
138            <intent-filter>
138-->[com.google.firebase:firebase-auth:23.0.0] AndroidManifest.xml:35:13-45:29
139                <action android:name="android.intent.action.VIEW" />
139-->[com.google.firebase:firebase-auth:23.0.0] AndroidManifest.xml:36:17-69
139-->[com.google.firebase:firebase-auth:23.0.0] AndroidManifest.xml:36:25-66
140
141                <category android:name="android.intent.category.DEFAULT" />
141-->[com.google.firebase:firebase-auth:23.0.0] AndroidManifest.xml:38:17-76
141-->[com.google.firebase:firebase-auth:23.0.0] AndroidManifest.xml:38:27-73
142                <category android:name="android.intent.category.BROWSABLE" />
142-->[com.google.firebase:firebase-auth:23.0.0] AndroidManifest.xml:39:17-78
142-->[com.google.firebase:firebase-auth:23.0.0] AndroidManifest.xml:39:27-75
143
144                <data
144-->[com.google.firebase:firebase-auth:23.0.0] AndroidManifest.xml:41:17-44:51
145                    android:host="firebase.auth"
145-->[com.google.firebase:firebase-auth:23.0.0] AndroidManifest.xml:42:21-49
146                    android:path="/"
146-->[com.google.firebase:firebase-auth:23.0.0] AndroidManifest.xml:43:21-37
147                    android:scheme="genericidp" />
147-->[com.google.firebase:firebase-auth:23.0.0] AndroidManifest.xml:44:21-48
148            </intent-filter>
149        </activity>
150        <activity
150-->[com.google.firebase:firebase-auth:23.0.0] AndroidManifest.xml:47:9-64:20
151            android:name="com.google.firebase.auth.internal.RecaptchaActivity"
151-->[com.google.firebase:firebase-auth:23.0.0] AndroidManifest.xml:48:13-79
152            android:excludeFromRecents="true"
152-->[com.google.firebase:firebase-auth:23.0.0] AndroidManifest.xml:49:13-46
153            android:exported="true"
153-->[com.google.firebase:firebase-auth:23.0.0] AndroidManifest.xml:50:13-36
154            android:launchMode="singleTask"
154-->[com.google.firebase:firebase-auth:23.0.0] AndroidManifest.xml:51:13-44
155            android:theme="@android:style/Theme.Translucent.NoTitleBar" >
155-->[com.google.firebase:firebase-auth:23.0.0] AndroidManifest.xml:52:13-72
156            <intent-filter>
156-->[com.google.firebase:firebase-auth:23.0.0] AndroidManifest.xml:53:13-63:29
157                <action android:name="android.intent.action.VIEW" />
157-->[com.google.firebase:firebase-auth:23.0.0] AndroidManifest.xml:36:17-69
157-->[com.google.firebase:firebase-auth:23.0.0] AndroidManifest.xml:36:25-66
158
159                <category android:name="android.intent.category.DEFAULT" />
159-->[com.google.firebase:firebase-auth:23.0.0] AndroidManifest.xml:38:17-76
159-->[com.google.firebase:firebase-auth:23.0.0] AndroidManifest.xml:38:27-73
160                <category android:name="android.intent.category.BROWSABLE" />
160-->[com.google.firebase:firebase-auth:23.0.0] AndroidManifest.xml:39:17-78
160-->[com.google.firebase:firebase-auth:23.0.0] AndroidManifest.xml:39:27-75
161
162                <data
162-->[com.google.firebase:firebase-auth:23.0.0] AndroidManifest.xml:41:17-44:51
163                    android:host="firebase.auth"
163-->[com.google.firebase:firebase-auth:23.0.0] AndroidManifest.xml:42:21-49
164                    android:path="/"
164-->[com.google.firebase:firebase-auth:23.0.0] AndroidManifest.xml:43:21-37
165                    android:scheme="recaptcha" />
165-->[com.google.firebase:firebase-auth:23.0.0] AndroidManifest.xml:44:21-48
166            </intent-filter>
167        </activity>
168
169        <service
169-->[com.google.firebase:firebase-auth:23.0.0] AndroidManifest.xml:66:9-72:19
170            android:name="com.google.firebase.components.ComponentDiscoveryService"
170-->[com.google.firebase:firebase-auth:23.0.0] AndroidManifest.xml:67:13-84
171            android:directBootAware="true"
171-->[com.google.firebase:firebase-common:21.0.0] AndroidManifest.xml:32:13-43
172            android:exported="false" >
172-->[com.google.firebase:firebase-auth:23.0.0] AndroidManifest.xml:68:13-37
173            <meta-data
173-->[com.google.firebase:firebase-auth:23.0.0] AndroidManifest.xml:69:13-71:85
174                android:name="com.google.firebase.components:com.google.firebase.auth.FirebaseAuthRegistrar"
174-->[com.google.firebase:firebase-auth:23.0.0] AndroidManifest.xml:70:17-109
175                android:value="com.google.firebase.components.ComponentRegistrar" />
175-->[com.google.firebase:firebase-auth:23.0.0] AndroidManifest.xml:71:17-82
176            <meta-data
176-->[com.google.firebase:firebase-firestore:25.0.0] AndroidManifest.xml:17:13-19:85
177                android:name="com.google.firebase.components:com.google.firebase.firestore.FirebaseFirestoreKtxRegistrar"
177-->[com.google.firebase:firebase-firestore:25.0.0] AndroidManifest.xml:18:17-122
178                android:value="com.google.firebase.components.ComponentRegistrar" />
178-->[com.google.firebase:firebase-firestore:25.0.0] AndroidManifest.xml:19:17-82
179            <meta-data
179-->[com.google.firebase:firebase-firestore:25.0.0] AndroidManifest.xml:20:13-22:85
180                android:name="com.google.firebase.components:com.google.firebase.firestore.FirestoreRegistrar"
180-->[com.google.firebase:firebase-firestore:25.0.0] AndroidManifest.xml:21:17-111
181                android:value="com.google.firebase.components.ComponentRegistrar" />
181-->[com.google.firebase:firebase-firestore:25.0.0] AndroidManifest.xml:22:17-82
182            <meta-data
182-->[com.google.firebase:firebase-messaging:24.0.0] AndroidManifest.xml:57:13-59:85
183                android:name="com.google.firebase.components:com.google.firebase.messaging.FirebaseMessagingKtxRegistrar"
183-->[com.google.firebase:firebase-messaging:24.0.0] AndroidManifest.xml:58:17-122
184                android:value="com.google.firebase.components.ComponentRegistrar" />
184-->[com.google.firebase:firebase-messaging:24.0.0] AndroidManifest.xml:59:17-82
185            <meta-data
185-->[com.google.firebase:firebase-messaging:24.0.0] AndroidManifest.xml:60:13-62:85
186                android:name="com.google.firebase.components:com.google.firebase.messaging.FirebaseMessagingRegistrar"
186-->[com.google.firebase:firebase-messaging:24.0.0] AndroidManifest.xml:61:17-119
187                android:value="com.google.firebase.components.ComponentRegistrar" />
187-->[com.google.firebase:firebase-messaging:24.0.0] AndroidManifest.xml:62:17-82
188            <meta-data
188-->[com.google.android.gms:play-services-measurement-api:22.0.2] AndroidManifest.xml:37:13-39:85
189                android:name="com.google.firebase.components:com.google.firebase.analytics.connector.internal.AnalyticsConnectorRegistrar"
189-->[com.google.android.gms:play-services-measurement-api:22.0.2] AndroidManifest.xml:38:17-139
190                android:value="com.google.firebase.components.ComponentRegistrar" />
190-->[com.google.android.gms:play-services-measurement-api:22.0.2] AndroidManifest.xml:39:17-82
191            <meta-data
191-->[com.google.firebase:firebase-storage:21.0.0] AndroidManifest.xml:30:13-32:85
192                android:name="com.google.firebase.components:com.google.firebase.storage.FirebaseStorageKtxRegistrar"
192-->[com.google.firebase:firebase-storage:21.0.0] AndroidManifest.xml:31:17-118
193                android:value="com.google.firebase.components.ComponentRegistrar" />
193-->[com.google.firebase:firebase-storage:21.0.0] AndroidManifest.xml:32:17-82
194            <meta-data
194-->[com.google.firebase:firebase-storage:21.0.0] AndroidManifest.xml:33:13-35:85
195                android:name="com.google.firebase.components:com.google.firebase.storage.StorageRegistrar"
195-->[com.google.firebase:firebase-storage:21.0.0] AndroidManifest.xml:34:17-107
196                android:value="com.google.firebase.components.ComponentRegistrar" />
196-->[com.google.firebase:firebase-storage:21.0.0] AndroidManifest.xml:35:17-82
197            <meta-data
197-->[com.google.firebase:firebase-installations:18.0.0] AndroidManifest.xml:15:13-17:85
198                android:name="com.google.firebase.components:com.google.firebase.installations.FirebaseInstallationsKtxRegistrar"
198-->[com.google.firebase:firebase-installations:18.0.0] AndroidManifest.xml:16:17-130
199                android:value="com.google.firebase.components.ComponentRegistrar" />
199-->[com.google.firebase:firebase-installations:18.0.0] AndroidManifest.xml:17:17-82
200            <meta-data
200-->[com.google.firebase:firebase-installations:18.0.0] AndroidManifest.xml:18:13-20:85
201                android:name="com.google.firebase.components:com.google.firebase.installations.FirebaseInstallationsRegistrar"
201-->[com.google.firebase:firebase-installations:18.0.0] AndroidManifest.xml:19:17-127
202                android:value="com.google.firebase.components.ComponentRegistrar" />
202-->[com.google.firebase:firebase-installations:18.0.0] AndroidManifest.xml:20:17-82
203            <meta-data
203-->[com.google.firebase:firebase-appcheck:18.0.0] AndroidManifest.xml:25:13-27:85
204                android:name="com.google.firebase.components:com.google.firebase.appcheck.FirebaseAppCheckKtxRegistrar"
204-->[com.google.firebase:firebase-appcheck:18.0.0] AndroidManifest.xml:26:17-120
205                android:value="com.google.firebase.components.ComponentRegistrar" />
205-->[com.google.firebase:firebase-appcheck:18.0.0] AndroidManifest.xml:27:17-82
206            <meta-data
206-->[com.google.firebase:firebase-appcheck:18.0.0] AndroidManifest.xml:28:13-30:85
207                android:name="com.google.firebase.components:com.google.firebase.appcheck.FirebaseAppCheckRegistrar"
207-->[com.google.firebase:firebase-appcheck:18.0.0] AndroidManifest.xml:29:17-117
208                android:value="com.google.firebase.components.ComponentRegistrar" />
208-->[com.google.firebase:firebase-appcheck:18.0.0] AndroidManifest.xml:30:17-82
209            <meta-data
209-->[com.google.firebase:firebase-common-ktx:21.0.0] AndroidManifest.xml:12:13-14:85
210                android:name="com.google.firebase.components:com.google.firebase.ktx.FirebaseCommonLegacyRegistrar"
210-->[com.google.firebase:firebase-common-ktx:21.0.0] AndroidManifest.xml:13:17-116
211                android:value="com.google.firebase.components.ComponentRegistrar" />
211-->[com.google.firebase:firebase-common-ktx:21.0.0] AndroidManifest.xml:14:17-82
212            <meta-data
212-->[com.google.firebase:firebase-common:21.0.0] AndroidManifest.xml:35:13-37:85
213                android:name="com.google.firebase.components:com.google.firebase.FirebaseCommonKtxRegistrar"
213-->[com.google.firebase:firebase-common:21.0.0] AndroidManifest.xml:36:17-109
214                android:value="com.google.firebase.components.ComponentRegistrar" />
214-->[com.google.firebase:firebase-common:21.0.0] AndroidManifest.xml:37:17-82
215            <meta-data
215-->[com.google.firebase:firebase-datatransport:18.2.0] AndroidManifest.xml:25:13-27:85
216                android:name="com.google.firebase.components:com.google.firebase.datatransport.TransportRegistrar"
216-->[com.google.firebase:firebase-datatransport:18.2.0] AndroidManifest.xml:26:17-115
217                android:value="com.google.firebase.components.ComponentRegistrar" />
217-->[com.google.firebase:firebase-datatransport:18.2.0] AndroidManifest.xml:27:17-82
218        </service>
219
220        <receiver
220-->[com.google.firebase:firebase-messaging:24.0.0] AndroidManifest.xml:29:9-40:20
221            android:name="com.google.firebase.iid.FirebaseInstanceIdReceiver"
221-->[com.google.firebase:firebase-messaging:24.0.0] AndroidManifest.xml:30:13-78
222            android:exported="true"
222-->[com.google.firebase:firebase-messaging:24.0.0] AndroidManifest.xml:31:13-36
223            android:permission="com.google.android.c2dm.permission.SEND" >
223-->[com.google.firebase:firebase-messaging:24.0.0] AndroidManifest.xml:32:13-73
224            <intent-filter>
224-->[com.google.firebase:firebase-messaging:24.0.0] AndroidManifest.xml:33:13-35:29
225                <action android:name="com.google.android.c2dm.intent.RECEIVE" />
225-->[com.google.firebase:firebase-messaging:24.0.0] AndroidManifest.xml:34:17-81
225-->[com.google.firebase:firebase-messaging:24.0.0] AndroidManifest.xml:34:25-78
226            </intent-filter>
227
228            <meta-data
228-->[com.google.firebase:firebase-messaging:24.0.0] AndroidManifest.xml:37:13-39:40
229                android:name="com.google.android.gms.cloudmessaging.FINISHED_AFTER_HANDLED"
229-->[com.google.firebase:firebase-messaging:24.0.0] AndroidManifest.xml:38:17-92
230                android:value="true" />
230-->[com.google.firebase:firebase-messaging:24.0.0] AndroidManifest.xml:39:17-37
231        </receiver>
232        <!--
233             FirebaseMessagingService performs security checks at runtime,
234             but set to not exported to explicitly avoid allowing another app to call it.
235        -->
236        <service
236-->[com.google.firebase:firebase-messaging:24.0.0] AndroidManifest.xml:46:9-53:19
237            android:name="com.google.firebase.messaging.FirebaseMessagingService"
237-->[com.google.firebase:firebase-messaging:24.0.0] AndroidManifest.xml:47:13-82
238            android:directBootAware="true"
238-->[com.google.firebase:firebase-messaging:24.0.0] AndroidManifest.xml:48:13-43
239            android:exported="false" >
239-->[com.google.firebase:firebase-messaging:24.0.0] AndroidManifest.xml:49:13-37
240            <intent-filter android:priority="-500" >
240-->[com.google.firebase:firebase-messaging:24.0.0] AndroidManifest.xml:50:13-52:29
240-->[com.google.firebase:firebase-messaging:24.0.0] AndroidManifest.xml:50:28-51
241                <action android:name="com.google.firebase.MESSAGING_EVENT" />
241-->[com.google.firebase:firebase-messaging:24.0.0] AndroidManifest.xml:51:17-78
241-->[com.google.firebase:firebase-messaging:24.0.0] AndroidManifest.xml:51:25-75
242            </intent-filter>
243        </service>
244
245        <receiver
245-->[com.google.android.gms:play-services-measurement:22.0.2] AndroidManifest.xml:29:9-33:20
246            android:name="com.google.android.gms.measurement.AppMeasurementReceiver"
246-->[com.google.android.gms:play-services-measurement:22.0.2] AndroidManifest.xml:30:13-85
247            android:enabled="true"
247-->[com.google.android.gms:play-services-measurement:22.0.2] AndroidManifest.xml:31:13-35
248            android:exported="false" >
248-->[com.google.android.gms:play-services-measurement:22.0.2] AndroidManifest.xml:32:13-37
249        </receiver>
250
251        <service
251-->[com.google.android.gms:play-services-measurement:22.0.2] AndroidManifest.xml:35:9-38:40
252            android:name="com.google.android.gms.measurement.AppMeasurementService"
252-->[com.google.android.gms:play-services-measurement:22.0.2] AndroidManifest.xml:36:13-84
253            android:enabled="true"
253-->[com.google.android.gms:play-services-measurement:22.0.2] AndroidManifest.xml:37:13-35
254            android:exported="false" />
254-->[com.google.android.gms:play-services-measurement:22.0.2] AndroidManifest.xml:38:13-37
255        <service
255-->[com.google.android.gms:play-services-measurement:22.0.2] AndroidManifest.xml:39:9-43:72
256            android:name="com.google.android.gms.measurement.AppMeasurementJobService"
256-->[com.google.android.gms:play-services-measurement:22.0.2] AndroidManifest.xml:40:13-87
257            android:enabled="true"
257-->[com.google.android.gms:play-services-measurement:22.0.2] AndroidManifest.xml:41:13-35
258            android:exported="false"
258-->[com.google.android.gms:play-services-measurement:22.0.2] AndroidManifest.xml:42:13-37
259            android:permission="android.permission.BIND_JOB_SERVICE" />
259-->[com.google.android.gms:play-services-measurement:22.0.2] AndroidManifest.xml:43:13-69
260
261        <property
261-->[com.google.android.gms:play-services-measurement-api:22.0.2] AndroidManifest.xml:30:9-32:61
262            android:name="android.adservices.AD_SERVICES_CONFIG"
262-->[com.google.android.gms:play-services-measurement-api:22.0.2] AndroidManifest.xml:31:13-65
263            android:resource="@xml/ga_ad_services_config" />
263-->[com.google.android.gms:play-services-measurement-api:22.0.2] AndroidManifest.xml:32:13-58
264
265        <service
265-->[androidx.credentials:credentials-play-services-auth:1.2.0-rc01] AndroidManifest.xml:24:9-32:19
266            android:name="androidx.credentials.playservices.CredentialProviderMetadataHolder"
266-->[androidx.credentials:credentials-play-services-auth:1.2.0-rc01] AndroidManifest.xml:25:13-94
267            android:enabled="true"
267-->[androidx.credentials:credentials-play-services-auth:1.2.0-rc01] AndroidManifest.xml:26:13-35
268            android:exported="false" >
268-->[androidx.credentials:credentials-play-services-auth:1.2.0-rc01] AndroidManifest.xml:27:13-37
269            <meta-data
269-->[androidx.credentials:credentials-play-services-auth:1.2.0-rc01] AndroidManifest.xml:29:13-31:104
270                android:name="androidx.credentials.CREDENTIAL_PROVIDER_KEY"
270-->[androidx.credentials:credentials-play-services-auth:1.2.0-rc01] AndroidManifest.xml:30:17-76
271                android:value="androidx.credentials.playservices.CredentialProviderPlayServicesImpl" />
271-->[androidx.credentials:credentials-play-services-auth:1.2.0-rc01] AndroidManifest.xml:31:17-101
272        </service>
273
274        <activity
274-->[androidx.credentials:credentials-play-services-auth:1.2.0-rc01] AndroidManifest.xml:34:9-41:20
275            android:name="androidx.credentials.playservices.HiddenActivity"
275-->[androidx.credentials:credentials-play-services-auth:1.2.0-rc01] AndroidManifest.xml:35:13-76
276            android:configChanges="orientation|screenSize|screenLayout|keyboardHidden"